<?xml version="1.0" encoding="UTF-8"?>
<testsuite xmlns:xsi="http://www.w3.org/2001/XMLSchema-instance" xsi:noNamespaceSchemaLocation="https://maven.apache.org/surefire/maven-surefire-plugin/xsd/surefire-test-report.xsd" name="com.google.sps.test.PlacesFetcherTest" time="0.848" tests="2" errors="0" skipped="0" failures="0">
  <properties>
    <property name="awt.toolkit" value="sun.awt.X11.XToolkit"/>
    <property name="java.specification.version" value="11"/>
    <property name="sun.cpu.isalist" value=""/>
    <property name="sun.jnu.encoding" value="UTF-8"/>
    <property name="java.class.path" value="/usr/local/google/home/talbarnahor/Food-Mood/project/target/test-classes:/usr/local/google/home/talbarnahor/Food-Mood/project/target/classes:/usr/local/google/home/talbarnahor/.m2/repository/javax/servlet/javax.servlet-api/4.0.1/javax.servlet-api-4.0.1.jar:/usr/local/google/home/talbarnahor/.m2/repository/com/google/code/gson/gson/2.8.6/gson-2.8.6.jar:/usr/local/google/home/talbarnahor/.m2/repository/com/google/appengine/appengine-api-1.0-sdk/1.9.59/appengine-api-1.0-sdk-1.9.59.jar:/usr/local/google/home/talbarnahor/.m2/repository/com/google/maps/google-maps-services/0.15.0/google-maps-services-0.15.0.jar:/usr/local/google/home/talbarnahor/.m2/repository/com/squareup/okhttp3/okhttp/3.14.4/okhttp-3.14.4.jar:/usr/local/google/home/talbarnahor/.m2/repository/com/squareup/okio/okio/1.17.2/okio-1.17.2.jar:/usr/local/google/home/talbarnahor/.m2/repository/io/opencensus/opencensus-api/0.25.0/opencensus-api-0.25.0.jar:/usr/local/google/home/talbarnahor/.m2/repository/io/grpc/grpc-context/1.25.0/grpc-context-1.25.0.jar:/usr/local/google/home/talbarnahor/.m2/repository/org/slf4j/slf4j-api/1.7.26/slf4j-api-1.7.26.jar:/usr/local/google/home/talbarnahor/.m2/repository/org/slf4j/slf4j-simple/1.7.25/slf4j-simple-1.7.25.jar:/usr/local/google/home/talbarnahor/.m2/repository/com/google/auto/value/auto-value/1.7.4/auto-value-1.7.4.jar:/usr/local/google/home/talbarnahor/.m2/repository/com/google/auto/value/auto-value-annotations/1.7.4/auto-value-annotations-1.7.4.jar:/usr/local/google/home/talbarnahor/.m2/repository/org/mockito/mockito-junit-jupiter/3.5.13/mockito-junit-jupiter-3.5.13.jar:/usr/local/google/home/talbarnahor/.m2/repository/org/mockito/mockito-core/3.5.13/mockito-core-3.5.13.jar:/usr/local/google/home/talbarnahor/.m2/repository/net/bytebuddy/byte-buddy/1.10.15/byte-buddy-1.10.15.jar:/usr/local/google/home/talbarnahor/.m2/repository/net/bytebuddy/byte-buddy-agent/1.10.15/byte-buddy-agent-1.10.15.jar:/usr/local/google/home/talbarnahor/.m2/repository/org/objenesis/objenesis/3.1/objenesis-3.1.jar:/usr/local/google/home/talbarnahor/.m2/repository/org/junit/jupiter/junit-jupiter-api/5.4.2/junit-jupiter-api-5.4.2.jar:/usr/local/google/home/talbarnahor/.m2/repository/org/apiguardian/apiguardian-api/1.0.0/apiguardian-api-1.0.0.jar:/usr/local/google/home/talbarnahor/.m2/repository/org/opentest4j/opentest4j/1.1.1/opentest4j-1.1.1.jar:/usr/local/google/home/talbarnahor/.m2/repository/org/junit/platform/junit-platform-commons/1.4.2/junit-platform-commons-1.4.2.jar:/usr/local/google/home/talbarnahor/.m2/repository/junit/junit/4.13/junit-4.13.jar:/usr/local/google/home/talbarnahor/.m2/repository/org/hamcrest/hamcrest-core/1.3/hamcrest-core-1.3.jar:"/>
    <property name="java.vm.vendor" value="Google Inc."/>
    <property name="sun.arch.data.model" value="64"/>
    <property name="java.vendor.url" value="https://goto.google.com/java-platform"/>
    <property name="user.timezone" value=""/>
    <property name="java.vm.specification.version" value="11"/>
    <property name="os.name" value="Linux"/>
    <property name="sun.java.launcher" value="SUN_STANDARD"/>
    <property name="user.country" value="US"/>
    <property name="sun.boot.library.path" value="/usr/local/buildtools/java/jdk11/lib"/>
    <property name="sun.java.command" value="/usr/local/google/home/talbarnahor/Food-Mood/project/target/surefire/surefirebooter2329178730830439395.jar /usr/local/google/home/talbarnahor/Food-Mood/project/target/surefire 2020-10-08T06-36-25_773-jvmRun1 surefire9498018415276148164tmp surefire_011721144238642172994tmp"/>
    <property name="jdk.debug" value="release"/>
    <property name="surefire.test.class.path" value="/usr/local/google/home/talbarnahor/Food-Mood/project/target/test-classes:/usr/local/google/home/talbarnahor/Food-Mood/project/target/classes:/usr/local/google/home/talbarnahor/.m2/repository/javax/servlet/javax.servlet-api/4.0.1/javax.servlet-api-4.0.1.jar:/usr/local/google/home/talbarnahor/.m2/repository/com/google/code/gson/gson/2.8.6/gson-2.8.6.jar:/usr/local/google/home/talbarnahor/.m2/repository/com/google/appengine/appengine-api-1.0-sdk/1.9.59/appengine-api-1.0-sdk-1.9.59.jar:/usr/local/google/home/talbarnahor/.m2/repository/com/google/maps/google-maps-services/0.15.0/google-maps-services-0.15.0.jar:/usr/local/google/home/talbarnahor/.m2/repository/com/squareup/okhttp3/okhttp/3.14.4/okhttp-3.14.4.jar:/usr/local/google/home/talbarnahor/.m2/repository/com/squareup/okio/okio/1.17.2/okio-1.17.2.jar:/usr/local/google/home/talbarnahor/.m2/repository/io/opencensus/opencensus-api/0.25.0/opencensus-api-0.25.0.jar:/usr/local/google/home/talbarnahor/.m2/repository/io/grpc/grpc-context/1.25.0/grpc-context-1.25.0.jar:/usr/local/google/home/talbarnahor/.m2/repository/org/slf4j/slf4j-api/1.7.26/slf4j-api-1.7.26.jar:/usr/local/google/home/talbarnahor/.m2/repository/org/slf4j/slf4j-simple/1.7.25/slf4j-simple-1.7.25.jar:/usr/local/google/home/talbarnahor/.m2/repository/com/google/auto/value/auto-value/1.7.4/auto-value-1.7.4.jar:/usr/local/google/home/talbarnahor/.m2/repository/com/google/auto/value/auto-value-annotations/1.7.4/auto-value-annotations-1.7.4.jar:/usr/local/google/home/talbarnahor/.m2/repository/org/mockito/mockito-junit-jupiter/3.5.13/mockito-junit-jupiter-3.5.13.jar:/usr/local/google/home/talbarnahor/.m2/repository/org/mockito/mockito-core/3.5.13/mockito-core-3.5.13.jar:/usr/local/google/home/talbarnahor/.m2/repository/net/bytebuddy/byte-buddy/1.10.15/byte-buddy-1.10.15.jar:/usr/local/google/home/talbarnahor/.m2/repository/net/bytebuddy/byte-buddy-agent/1.10.15/byte-buddy-agent-1.10.15.jar:/usr/local/google/home/talbarnahor/.m2/repository/org/objenesis/objenesis/3.1/objenesis-3.1.jar:/usr/local/google/home/talbarnahor/.m2/repository/org/junit/jupiter/junit-jupiter-api/5.4.2/junit-jupiter-api-5.4.2.jar:/usr/local/google/home/talbarnahor/.m2/repository/org/apiguardian/apiguardian-api/1.0.0/apiguardian-api-1.0.0.jar:/usr/local/google/home/talbarnahor/.m2/repository/org/opentest4j/opentest4j/1.1.1/opentest4j-1.1.1.jar:/usr/local/google/home/talbarnahor/.m2/repository/org/junit/platform/junit-platform-commons/1.4.2/junit-platform-commons-1.4.2.jar:/usr/local/google/home/talbarnahor/.m2/repository/junit/junit/4.13/junit-4.13.jar:/usr/local/google/home/talbarnahor/.m2/repository/org/hamcrest/hamcrest-core/1.3/hamcrest-core-1.3.jar:"/>
    <property name="sun.cpu.endian" value="little"/>
    <property name="user.home" value="/usr/local/google/home/talbarnahor"/>
    <property name="user.language" value="en"/>
    <property name="java.specification.vendor" value="Oracle Corporation"/>
    <property name="java.version.date" value="2020-09-21"/>
    <property name="java.home" value="/usr/local/buildtools/java/jdk11"/>
    <property name="file.separator" value="/"/>
    <property name="basedir" value="/usr/local/google/home/talbarnahor/Food-Mood/project"/>
    <property name="java.vm.compressedOopsMode" value="Zero based"/>
    <property name="line.separator" value="&#10;"/>
    <property name="java.specification.name" value="Java Platform API Specification"/>
    <property name="java.vm.specification.vendor" value="Oracle Corporation"/>
    <property name="java.awt.graphicsenv" value="sun.awt.X11GraphicsEnvironment"/>
    <property name="surefire.real.class.path" value="/usr/local/google/home/talbarnahor/Food-Mood/project/target/surefire/surefirebooter2329178730830439395.jar"/>
    <property name="sun.management.compiler" value="HotSpot 64-Bit Tiered Compilers"/>
    <property name="java.runtime.version" value="11.0.8+10-google-release-332970545"/>
    <property name="user.name" value="talbarnahor"/>
    <property name="path.separator" value=":"/>
    <property name="os.version" value="5.7.17-1rodete1-amd64"/>
    <property name="java.runtime.name" value="OpenJDK Runtime Environment"/>
    <property name="file.encoding" value="UTF-8"/>
    <property name="java.vm.name" value="OpenJDK 64-Bit Server VM"/>
    <property name="localRepository" value="/usr/local/google/home/talbarnahor/.m2/repository"/>
    <property name="java.vendor.url.bug" value="http://b.corp.google.com/createIssue?component=32554"/>
    <property name="java.io.tmpdir" value="/tmp"/>
    <property name="java.version" value="11.0.8"/>
    <property name="user.dir" value="/usr/local/google/home/talbarnahor/Food-Mood/project"/>
    <property name="os.arch" value="amd64"/>
    <property name="java.vm.specification.name" value="Java Virtual Machine Specification"/>
    <property name="java.awt.printerjob" value="sun.print.PSPrinterJob"/>
    <property name="sun.os.patch.level" value="unknown"/>
    <property name="java.library.path" value="/usr/java/packages/lib:/usr/lib64:/lib64:/lib:/usr/lib"/>
    <property name="java.vm.info" value="mixed mode, sharing"/>
    <property name="java.vendor" value="Google Inc."/>
    <property name="java.vm.version" value="11.0.8+10-google-release-332970545"/>
    <property name="sun.io.unicode.encoding" value="UnicodeLittle"/>
    <property name="java.class.version" value="55.0"/>
  </properties>
  <testcase name="fetch_zeroSearchResults_returnsEmptyList" classname="com.google.sps.test.PlacesFetcherTest" time="0.841"/>
  <testcase name="fetch_validSearchResults_returnsListOfPlaces" classname="com.google.sps.test.PlacesFetcherTest" time="0.006"/>
</testsuite>